[0.008s] Invoking command in '/home/jorgelop/vo_ws/build/vodom_first': CMAKE_PREFIX_PATH=${CMAKE_PREFIX_PATH}:/opt/ros/humble /usr/bin/cmake --build /home/jorgelop/vo_ws/build/vodom_first -- -j16 -l16
[0.069s] -- Found ament_cmake: 1.3.12 (/opt/ros/humble/share/ament_cmake/cmake)
[0.165s] -- Override CMake install command with custom implementation using symlinks instead of copying resources
[0.178s] -- Found rclcpp: 16.0.14 (/opt/ros/humble/share/rclcpp/cmake)
[0.209s] -- Found rosidl_generator_c: 3.1.7 (/opt/ros/humble/share/rosidl_generator_c/cmake)
[0.212s] -- Found rosidl_adapter: 3.1.7 (/opt/ros/humble/share/rosidl_adapter/cmake)
[0.218s] -- Found rosidl_generator_cpp: 3.1.7 (/opt/ros/humble/share/rosidl_generator_cpp/cmake)
[0.227s] -- Using all available rosidl_typesupport_c: rosidl_typesupport_fastrtps_c;rosidl_typesupport_introspection_c
[0.238s] -- Using all available rosidl_typesupport_cpp: rosidl_typesupport_fastrtps_cpp;rosidl_typesupport_introspection_cpp
[0.267s] -- Found rmw_implementation_cmake: 6.1.2 (/opt/ros/humble/share/rmw_implementation_cmake/cmake)
[0.269s] -- Found rmw_fastrtps_cpp: 6.2.8 (/opt/ros/humble/share/rmw_fastrtps_cpp/cmake)
[0.368s] -- Using RMW implementation 'rmw_fastrtps_cpp' as default
[0.415s] -- Found nav_msgs: 4.9.0 (/opt/ros/humble/share/nav_msgs/cmake)
[0.451s] -- Found ament_lint_auto: 0.12.14 (/opt/ros/humble/share/ament_lint_auto/cmake)
[0.507s] -- Added test 'cppcheck' to perform static code analysis on C / C++ code
[0.508s] -- Configured cppcheck include dirs: 
[0.508s] -- Configured cppcheck exclude dirs and/or files: 
[0.508s] -- Added test 'flake8' to check Python code syntax and style conventions
[0.509s] -- Added test 'lint_cmake' to check CMake code style
[0.510s] -- Added test 'pep257' to check Python code against some of the docstring style conventions in PEP 257
[0.512s] -- Added test 'uncrustify' to check C / C++ code style
[0.512s] -- Configured uncrustify additional arguments: 
[0.513s] -- Added test 'xmllint' to check XML markup files
[0.514s] -- Configuring done
[0.541s] -- Generating done
[0.549s] -- Build files have been written to: /home/jorgelop/vo_ws/build/vodom_first
[0.573s] [35m[1mConsolidate compiler generated dependencies of target vodom_first_node[0m
[0.573s] [35m[1mConsolidate compiler generated dependencies of target minimal_path_publisher[0m
[0.573s] [35m[1mConsolidate compiler generated dependencies of target visual_odometry_node[0m
[0.573s] [35m[1mConsolidate compiler generated dependencies of target listener_node[0m
[0.574s] [35m[1mConsolidate compiler generated dependencies of target ground_truth_path_node[0m
[0.580s] [  8%] [32mBuilding CXX object CMakeFiles/visual_odo_Uli.dir/src/visual_odo_Uli.cpp.o[0m
[0.598s] [ 25%] [32mBuilding CXX object CMakeFiles/listener_node.dir/src/listener_node.cpp.o[0m
[0.598s] [ 25%] [32mBuilding CXX object CMakeFiles/vodom_first_node.dir/src/vodom_first_node.cpp.o[0m
[0.600s] [ 33%] [32mBuilding CXX object CMakeFiles/minimal_path_publisher.dir/src/minimal_path_publisher.cpp.o[0m
[0.600s] [ 41%] [32mBuilding CXX object CMakeFiles/visual_odometry_node.dir/src/visual_odometry_node.cpp.o[0m
[0.601s] [ 50%] [32mBuilding CXX object CMakeFiles/ground_truth_path_node.dir/src/ground_truth_path_node.cpp.o[0m
[0.607s] [01m[K/home/jorgelop/vo_ws/src/vodom_first/src/visual_odo_Uli.cpp:1:10:[m[K [01;31m[Kfatal error: [m[Kros/ros.h: No such file or directory
[0.607s]     1 | #include [01;31m[K<ros/ros.h>[m[K
[0.607s]       |          [01;31m[K^~~~~~~~~~~[m[K
[0.607s] compilation terminated.
[0.608s] gmake[2]: *** [CMakeFiles/visual_odo_Uli.dir/build.make:76: CMakeFiles/visual_odo_Uli.dir/src/visual_odo_Uli.cpp.o] Error 1
[0.608s] gmake[1]: *** [CMakeFiles/Makefile2:225: CMakeFiles/visual_odo_Uli.dir/all] Error 2
[0.608s] gmake[1]: *** Waiting for unfinished jobs....
[4.436s] [ 58%] [32m[1mLinking CXX executable vodom_first_node[0m
[4.483s] [ 66%] [32m[1mLinking CXX executable minimal_path_publisher[0m
[4.517s] [ 75%] [32m[1mLinking CXX executable ground_truth_path_node[0m
[4.649s] [ 75%] Built target vodom_first_node
[4.669s] [ 75%] Built target minimal_path_publisher
[4.698s] [ 75%] Built target ground_truth_path_node
[6.039s] [ 83%] [32m[1mLinking CXX executable visual_odometry_node[0m
[6.499s] [ 83%] Built target visual_odometry_node
[7.311s] [ 91%] [32m[1mLinking CXX executable listener_node[0m
[7.549s] [ 91%] Built target listener_node
[7.550s] gmake: *** [Makefile:146: all] Error 2
[7.552s] Invoked command in '/home/jorgelop/vo_ws/build/vodom_first' returned '2': CMAKE_PREFIX_PATH=${CMAKE_PREFIX_PATH}:/opt/ros/humble /usr/bin/cmake --build /home/jorgelop/vo_ws/build/vodom_first -- -j16 -l16
